app/build/intermediates/manifest_merge_blame_file/debug/processDebugMainManifest/manifest-merger-blame-debug-report.txt
1<?xml version="1.0" encoding="utf-8"?>
2<manifest xmlns:android="http://schemas.android.com/apk/res/android"
3    package="com.example.shopapp"
4    android:versionCode="1"
5    android:versionName="1.0" >
6
7    <uses-sdk
8        android:minSdkVersion="24"
9        android:targetSdkVersion="35" />
10
11    <permission
11-->[androidx.core:core:1.9.0] AndroidManifest.xml:22:5-24:47
12        android:name="com.example.shopapp.DYNAMIC_RECEIVER_NOT_EXPORTED_PERMISSION"
12-->[androidx.core:core:1.9.0] AndroidManifest.xml:23:9-81
13        android:protectionLevel="signature" />
13-->[androidx.core:core:1.9.0] AndroidManifest.xml:24:9-44
14
15    <uses-permission android:name="com.example.shopapp.DYNAMIC_RECEIVER_NOT_EXPORTED_PERMISSION" />
15-->[androidx.core:core:1.9.0] AndroidManifest.xml:26:5-97
15-->[androidx.core:core:1.9.0] AndroidManifest.xml:26:22-94
16
17    <application
17-->src\main\AndroidManifest.xml:5:5-50:19
18        android:allowBackup="true"
18-->src\main\AndroidManifest.xml:6:9-35
19        android:appComponentFactory="androidx.core.app.CoreComponentFactory"
19-->[androidx.core:core:1.9.0] AndroidManifest.xml:28:18-86
20        android:debuggable="true"
21        android:extractNativeLibs="false"
22        android:icon="@mipmap/ic_launcher"
22-->src\main\AndroidManifest.xml:7:9-43
23        android:label="Shopify"
23-->src\main\AndroidManifest.xml:8:9-32
24        android:roundIcon="@mipmap/ic_launcher_round"
24-->src\main\AndroidManifest.xml:9:9-54
25        android:supportsRtl="true"
25-->src\main\AndroidManifest.xml:10:9-35
26        android:testOnly="true"
27        android:theme="@style/Theme.Shopify" >
27-->src\main\AndroidManifest.xml:11:9-45
28
29        <!-- MainActivity uses NoActionBar (has its own custom top bar) -->
30        <activity
30-->src\main\AndroidManifest.xml:14:9-22:20
31            android:name="com.example.shopapp.activities.MainActivity"
31-->src\main\AndroidManifest.xml:15:13-52
32            android:exported="true"
32-->src\main\AndroidManifest.xml:16:13-36
33            android:theme="@style/Theme.Shopify" >
33-->src\main\AndroidManifest.xml:17:13-49
34            <intent-filter>
34-->src\main\AndroidManifest.xml:18:13-21:29
35                <action android:name="android.intent.action.MAIN" />
35-->src\main\AndroidManifest.xml:19:17-69
35-->src\main\AndroidManifest.xml:19:25-66
36
37                <category android:name="android.intent.category.LAUNCHER" />
37-->src\main\AndroidManifest.xml:20:17-77
37-->src\main\AndroidManifest.xml:20:27-74
38            </intent-filter>
39        </activity>
40
41        <!-- All other screens use the ActionBar theme (for the back arrow) -->
42        <activity
42-->src\main\AndroidManifest.xml:25:9-28:69
43            android:name="com.example.shopapp.activities.ProductDetailActivity"
43-->src\main\AndroidManifest.xml:25:19-67
44            android:exported="false"
44-->src\main\AndroidManifest.xml:26:13-37
45            android:parentActivityName="com.example.shopapp.activities.MainActivity"
45-->src\main\AndroidManifest.xml:28:13-66
46            android:theme="@style/Theme.Shopify.ActionBar" />
46-->src\main\AndroidManifest.xml:27:13-59
47        <activity
47-->src\main\AndroidManifest.xml:30:9-33:69
48            android:name="com.example.shopapp.activities.CartActivity"
48-->src\main\AndroidManifest.xml:30:19-58
49            android:exported="false"
49-->src\main\AndroidManifest.xml:31:13-37
50            android:parentActivityName="com.example.shopapp.activities.MainActivity"
50-->src\main\AndroidManifest.xml:33:13-66
51            android:theme="@style/Theme.Shopify.ActionBar" />
51-->src\main\AndroidManifest.xml:32:13-59
52        <activity
52-->src\main\AndroidManifest.xml:35:9-38:69
53            android:name="com.example.shopapp.activities.CheckoutActivity"
53-->src\main\AndroidManifest.xml:35:19-62
54            android:exported="false"
54-->src\main\AndroidManifest.xml:36:13-37
55            android:parentActivityName="com.example.shopapp.activities.CartActivity"
55-->src\main\AndroidManifest.xml:38:13-66
56            android:theme="@style/Theme.Shopify.ActionBar" />
56-->src\main\AndroidManifest.xml:37:13-59
57        <activity
57-->src\main\AndroidManifest.xml:40:9-43:69
58            android:name="com.example.shopapp.activities.OrderHistoryActivity"
58-->src\main\AndroidManifest.xml:40:19-66
59            android:exported="false"
59-->src\main\AndroidManifest.xml:41:13-37
60            android:parentActivityName="com.example.shopapp.activities.MainActivity"
60-->src\main\AndroidManifest.xml:43:13-66
61            android:theme="@style/Theme.Shopify.ActionBar" />
61-->src\main\AndroidManifest.xml:42:13-59
62        <activity
62-->src\main\AndroidManifest.xml:45:9-48:69
63            android:name="com.example.shopapp.activities.WishlistActivity"
63-->src\main\AndroidManifest.xml:45:19-62
64            android:exported="false"
64-->src\main\AndroidManifest.xml:46:13-37
65            android:parentActivityName="com.example.shopapp.activities.MainActivity"
65-->src\main\AndroidManifest.xml:48:13-66
66            android:theme="@style/Theme.Shopify.ActionBar" />
66-->src\main\AndroidManifest.xml:47:13-59
67
68        <provider
68-->[androidx.emoji2:emoji2:1.2.0] AndroidManifest.xml:24:9-32:20
69            android:name="androidx.startup.InitializationProvider"
69-->[androidx.emoji2:emoji2:1.2.0] AndroidManifest.xml:25:13-67
70            android:authorities="com.example.shopapp.androidx-startup"
70-->[androidx.emoji2:emoji2:1.2.0] AndroidManifest.xml:26:13-68
71            android:exported="false" >
71-->[androidx.emoji2:emoji2:1.2.0] AndroidManifest.xml:27:13-37
72            <meta-data
72-->[androidx.emoji2:emoji2:1.2.0] AndroidManifest.xml:29:13-31:52
73                android:name="androidx.emoji2.text.EmojiCompatInitializer"
73-->[androidx.emoji2:emoji2:1.2.0] AndroidManifest.xml:30:17-75
74                android:value="androidx.startup" />
74-->[androidx.emoji2:emoji2:1.2.0] AndroidManifest.xml:31:17-49
75            <meta-data
75-->[androidx.lifecycle:lifecycle-process:2.6.1] AndroidManifest.xml:29:13-31:52
76                android:name="androidx.lifecycle.ProcessLifecycleInitializer"
76-->[androidx.lifecycle:lifecycle-process:2.6.1] AndroidManifest.xml:30:17-78
77                android:value="androidx.startup" />
77-->[androidx.lifecycle:lifecycle-process:2.6.1] AndroidManifest.xml:31:17-49
78            <meta-data
78-->[androidx.profileinstaller:profileinstaller:1.3.0] AndroidManifest.xml:29:13-31:52
79                android:name="androidx.profileinstaller.ProfileInstallerInitializer"
79-->[androidx.profileinstaller:profileinstaller:1.3.0] AndroidManifest.xml:30:17-85
80                android:value="androidx.startup" />
80-->[androidx.profileinstaller:profileinstaller:1.3.0] AndroidManifest.xml:31:17-49
81        </provider>
82
83        <receiver
83-->[androidx.profileinstaller:profileinstaller:1.3.0] AndroidManifest.xml:34:9-52:20
84            android:name="androidx.profileinstaller.ProfileInstallReceiver"
84-->[androidx.profileinstaller:profileinstaller:1.3.0] AndroidManifest.xml:35:13-76
85            android:directBootAware="false"
85-->[androidx.profileinstaller:profileinstaller:1.3.0] AndroidManifest.xml:36:13-44
86            android:enabled="true"
86-->[androidx.profileinstaller:profileinstaller:1.3.0] AndroidManifest.xml:37:13-35
87            android:exported="true"
87-->[androidx.profileinstaller:profileinstaller:1.3.0] AndroidManifest.xml:38:13-36
88            android:permission="android.permission.DUMP" >
88-->[androidx.profileinstaller:profileinstaller:1.3.0] AndroidManifest.xml:39:13-57
89            <intent-filter>
89-->[androidx.profileinstaller:profileinstaller:1.3.0] AndroidManifest.xml:40:13-42:29
90                <action android:name="androidx.profileinstaller.action.INSTALL_PROFILE" />
90-->[androidx.profileinstaller:profileinstaller:1.3.0] AndroidManifest.xml:41:17-91
90-->[androidx.profileinstaller:profileinstaller:1.3.0] AndroidManifest.xml:41:25-88
91            </intent-filter>
92            <intent-filter>
92-->[androidx.profileinstaller:profileinstaller:1.3.0] AndroidManifest.xml:43:13-45:29
93                <action android:name="androidx.profileinstaller.action.SKIP_FILE" />
93-->[androidx.profileinstaller:profileinstaller:1.3.0] AndroidManifest.xml:44:17-85
93-->[androidx.profileinstaller:profileinstaller:1.3.0] AndroidManifest.xml:44:25-82
94            </intent-filter>
95            <intent-filter>
95-->[androidx.profileinstaller:profileinstaller:1.3.0] AndroidManifest.xml:46:13-48:29
96                <action android:name="androidx.profileinstaller.action.SAVE_PROFILE" />
96-->[androidx.profileinstaller:profileinstaller:1.3.0] AndroidManifest.xml:47:17-88
96-->[androidx.profileinstaller:profileinstaller:1.3.0] AndroidManifest.xml:47:25-85
97            </intent-filter>
98            <intent-filter>
98-->[androidx.profileinstaller:profileinstaller:1.3.0] AndroidManifest.xml:49:13-51:29
99                <action android:name="androidx.profileinstaller.action.BENCHMARK_OPERATION" />
99-->[androidx.profileinstaller:profileinstaller:1.3.0] AndroidManifest.xml:50:17-95
99-->[androidx.profileinstaller:profileinstaller:1.3.0] AndroidManifest.xml:50:25-92
100            </intent-filter>
101        </receiver>
102    </application>
103
104</manifest>